# JRE version: OpenJDK Runtime Environment (8.0_242-b01) (build 1.8.0_242-release-1644-b01)
# Java VM: OpenJDK 64-Bit Server VM (25.242-b01 mixed mode windows-amd64 compressed oops)
Heap:
 PSYoungGen      total 247296K, used 4371K [0x00000000d5580000, 0x00000000e6700000, 0x0000000100000000)
  eden space 227328K, 1% used [0x00000000d5580000,0x00000000d59c4f98,0x00000000e3380000)
  from space 19968K, 0% used [0x00000000e4a80000,0x00000000e4a80000,0x00000000e5e00000)
  to   space 23552K, 0% used [0x00000000e3380000,0x00000000e3380000,0x00000000e4a80000)
 ParOldGen       total 92672K, used 34047K [0x0000000080000000, 0x0000000085a80000, 0x00000000d5580000)
  object space 92672K, 36% used [0x0000000080000000,0x000000008213fc60,0x0000000085a80000)
 Metaspace       used 57491K, capacity 59345K, committed 59416K, reserved 1099776K
  class space    used 7792K, capacity 8220K, committed 8240K, reserved 1048576K
GC Heap History (10 events):
Event: 8.821 GC heap before
{Heap before GC invocations=9 (full 1):
 PSYoungGen      total 132096K, used 72599K [0x00000000d5580000, 0x00000000e2580000, 0x0000000100000000)
  eden space 121856K, 51% used [0x00000000d5580000,0x00000000d9269c78,0x00000000dcc80000)
  from space 10240K, 99% used [0x00000000dcc80000,0x00000000dd67bfd8,0x00000000dd680000)
  to   space 13312K, 0% used [0x00000000e1880000,0x00000000e1880000,0x00000000e2580000)
 ParOldGen       total 38912K, used 12913K [0x0000000080000000, 0x0000000082600000, 0x00000000d5580000)
  object space 38912K, 33% used [0x0000000080000000,0x0000000080c9c610,0x0000000082600000)
 Metaspace       used 34503K, capacity 35383K, committed 35496K, reserved 1079296K
  class space    used 4702K, capacity 4912K, committed 4912K, reserved 1048576K
Event: 8.837 GC heap after
Heap after GC invocations=9 (full 1):
 PSYoungGen      total 198656K, used 10665K [0x00000000d5580000, 0x00000000e2a00000, 0x0000000100000000)
  eden space 185344K, 0% used [0x00000000d5580000,0x00000000d5580000,0x00000000e0a80000)
  from space 13312K, 80% used [0x00000000e1880000,0x00000000e22ea588,0x00000000e2580000)
  to   space 14336K, 0% used [0x00000000e0a80000,0x00000000e0a80000,0x00000000e1880000)
 ParOldGen       total 38912K, used 12921K [0x0000000080000000, 0x0000000082600000, 0x00000000d5580000)
  object space 38912K, 33% used [0x0000000080000000,0x0000000080c9e610,0x0000000082600000)
 Metaspace       used 34503K, capacity 35383K, committed 35496K, reserved 1079296K
  class space    used 4702K, capacity 4912K, committed 4912K, reserved 1048576K
}
Event: 8.837 GC heap before
{Heap before GC invocations=10 (full 2):
 PSYoungGen      total 198656K, used 10665K [0x00000000d5580000, 0x00000000e2a00000, 0x0000000100000000)
  eden space 185344K, 0% used [0x00000000d5580000,0x00000000d5580000,0x00000000e0a80000)
  from space 13312K, 80% used [0x00000000e1880000,0x00000000e22ea588,0x00000000e2580000)
  to   space 14336K, 0% used [0x00000000e0a80000,0x00000000e0a80000,0x00000000e1880000)
 ParOldGen       total 38912K, used 12921K [0x0000000080000000, 0x0000000082600000, 0x00000000d5580000)
  object space 38912K, 33% used [0x0000000080000000,0x0000000080c9e610,0x0000000082600000)
 Metaspace       used 34503K, capacity 35383K, committed 35496K, reserved 1079296K
  class space    used 4702K, capacity 4912K, committed 4912K, reserved 1048576K
Event: 8.918 GC heap after
Heap after GC invocations=10 (full 2):
 PSYoungGen      total 198656K, used 0K [0x00000000d5580000, 0x00000000e2a00000, 0x0000000100000000)
  eden space 185344K, 0% used [0x00000000d5580000,0x00000000d5580000,0x00000000e0a80000)
  from space 13312K, 0% used [0x00000000e1880000,0x00000000e1880000,0x00000000e2580000)
  to   space 14336K, 0% used [0x00000000e0a80000,0x00000000e0a80000,0x00000000e1880000)
 ParOldGen       total 58880K, used 17089K [0x0000000080000000, 0x0000000083980000, 0x00000000d5580000)
  object space 58880K, 29% used [0x0000000080000000,0x00000000810b0420,0x0000000083980000)
 Metaspace       used 34503K, capacity 35383K, committed 35496K, reserved 1079296K
  class space    used 4702K, capacity 4912K, committed 4912K, reserved 1048576K
}
Event: 13.291 GC heap before
{Heap before GC invocations=11 (full 2):
 PSYoungGen      total 198656K, used 185344K [0x00000000d5580000, 0x00000000e2a00000, 0x0000000100000000)
  eden space 185344K, 100% used [0x00000000d5580000,0x00000000e0a80000,0x00000000e0a80000)
  from space 13312K, 0% used [0x00000000e1880000,0x00000000e1880000,0x00000000e2580000)
  to   space 14336K, 0% used [0x00000000e0a80000,0x00000000e0a80000,0x00000000e1880000)
 ParOldGen       total 58880K, used 17089K [0x0000000080000000, 0x0000000083980000, 0x00000000d5580000)
  object space 58880K, 29% used [0x0000000080000000,0x00000000810b0420,0x0000000083980000)
 Metaspace       used 50984K, capacity 52491K, committed 52784K, reserved 1095680K
  class space    used 6771K, capacity 7096K, committed 7216K, reserved 1048576K
Event: 13.327 GC heap after
Heap after GC invocations=11 (full 2):
 PSYoungGen      total 199680K, used 14317K [0x00000000d5580000, 0x00000000e5e00000, 0x0000000100000000)
  eden space 185344K, 0% used [0x00000000d5580000,0x00000000d5580000,0x00000000e0a80000)
  from space 14336K, 99% used [0x00000000e0a80000,0x00000000e187b5d8,0x00000000e1880000)
  to   space 19968K, 0% used [0x00000000e4a80000,0x00000000e4a80000,0x00000000e5e00000)
 ParOldGen       total 58880K, used 25106K [0x0000000080000000, 0x0000000083980000, 0x00000000d5580000)
  object space 58880K, 42% used [0x0000000080000000,0x0000000081884810,0x0000000083980000)
 Metaspace       used 50984K, capacity 52491K, committed 52784K, reserved 1095680K
  class space    used 6771K, capacity 7096K, committed 7216K, reserved 1048576K
}
Event: 15.377 GC heap before
{Heap before GC invocations=12 (full 2):
 PSYoungGen      total 199680K, used 105126K [0x00000000d5580000, 0x00000000e5e00000, 0x0000000100000000)
  eden space 185344K, 48% used [0x00000000d5580000,0x00000000dae2e5e8,0x00000000e0a80000)
  from space 14336K, 99% used [0x00000000e0a80000,0x00000000e187b5d8,0x00000000e1880000)
  to   space 19968K, 0% used [0x00000000e4a80000,0x00000000e4a80000,0x00000000e5e00000)
 ParOldGen       total 58880K, used 25106K [0x0000000080000000, 0x0000000083980000, 0x00000000d5580000)
  object space 58880K, 42% used [0x0000000080000000,0x0000000081884810,0x0000000083980000)
 Metaspace       used 57225K, capacity 59061K, committed 59160K, reserved 1099776K
  class space    used 7737K, capacity 8162K, committed 8240K, reserved 1048576K
Event: 15.409 GC heap after
Heap after GC invocations=12 (full 2):
 PSYoungGen      total 247296K, used 19951K [0x00000000d5580000, 0x00000000e6700000, 0x0000000100000000)
  eden space 227328K, 0% used [0x00000000d5580000,0x00000000d5580000,0x00000000e3380000)
  from space 19968K, 99% used [0x00000000e4a80000,0x00000000e5dfbf48,0x00000000e5e00000)
  to   space 23552K, 0% used [0x00000000e3380000,0x00000000e3380000,0x00000000e4a80000)
 ParOldGen       total 58880K, used 25959K [0x0000000080000000, 0x0000000083980000, 0x00000000d5580000)
  object space 58880K, 44% used [0x0000000080000000,0x0000000081959e90,0x0000000083980000)
 Metaspace       used 57225K, capacity 59061K, committed 59160K, reserved 1099776K
  class space    used 7737K, capacity 8162K, committed 8240K, reserved 1048576K
}
Event: 15.409 GC heap before
{Heap before GC invocations=13 (full 3):
 PSYoungGen      total 247296K, used 19951K [0x00000000d5580000, 0x00000000e6700000, 0x0000000100000000)
  eden space 227328K, 0% used [0x00000000d5580000,0x00000000d5580000,0x00000000e3380000)
  from space 19968K, 99% used [0x00000000e4a80000,0x00000000e5dfbf48,0x00000000e5e00000)
  to   space 23552K, 0% used [0x00000000e3380000,0x00000000e3380000,0x00000000e4a80000)
 ParOldGen       total 58880K, used 25959K [0x0000000080000000, 0x0000000083980000, 0x00000000d5580000)
  object space 58880K, 44% used [0x0000000080000000,0x0000000081959e90,0x0000000083980000)
 Metaspace       used 57225K, capacity 59061K, committed 59160K, reserved 1099776K
  class space    used 7737K, capacity 8162K, committed 8240K, reserved 1048576K
Event: 15.708 GC heap after
Heap after GC invocations=13 (full 3):
 PSYoungGen      total 247296K, used 0K [0x00000000d5580000, 0x00000000e6700000, 0x0000000100000000)
  eden space 227328K, 0% used [0x00000000d5580000,0x00000000d5580000,0x00000000e3380000)
  from space 19968K, 0% used [0x00000000e4a80000,0x00000000e4a80000,0x00000000e5e00000)
  to   space 23552K, 0% used [0x00000000e3380000,0x00000000e3380000,0x00000000e4a80000)
 ParOldGen       total 92672K, used 34047K [0x0000000080000000, 0x0000000085a80000, 0x00000000d5580000)
  object space 92672K, 36% used [0x0000000080000000,0x000000008213fc60,0x0000000085a80000)
 Metaspace       used 57214K, capacity 59025K, committed 59160K, reserved 1099776K
  class space    used 7733K, capacity 8156K, committed 8240K, reserved 1048576K
}

