# JRE version: OpenJDK Runtime Environment (8.0_242-b01) (build 1.8.0_242-release-1644-b01)
# Java VM: OpenJDK 64-Bit Server VM (25.242-b01 mixed mode windows-amd64 compressed oops)
Heap:
 PSYoungGen      total 194560K, used 84462K [0x00000000d5580000, 0x00000000e2f80000, 0x0000000100000000)
  eden space 173568K, 40% used [0x00000000d5580000,0x00000000d99e7d88,0x00000000dff00000)
  from space 20992K, 68% used [0x00000000dff00000,0x00000000e0d13bc0,0x00000000e1380000)
  to   space 15360K, 0% used [0x00000000e1380000,0x00000000e1380000,0x00000000e2280000)
 ParOldGen       total 104448K, used 38777K [0x0000000080000000, 0x0000000086600000, 0x00000000d5580000)
  object space 104448K, 37% used [0x0000000080000000,0x00000000825de6f0,0x0000000086600000)
 Metaspace       used 68445K, capacity 71434K, committed 71640K, reserved 1112064K
  class space    used 9385K, capacity 9926K, committed 9984K, reserved 1048576K
GC Heap History (10 events):
Event: 12.541 GC heap before
{Heap before GC invocations=12 (full 2):
 PSYoungGen      total 165376K, used 10019K [0x00000000d5580000, 0x00000000e0780000, 0x0000000100000000)
  eden space 153600K, 0% used [0x00000000d5580000,0x00000000d5580000,0x00000000deb80000)
  from space 11776K, 85% used [0x00000000df800000,0x00000000e01c8fd0,0x00000000e0380000)
  to   space 12800K, 0% used [0x00000000deb80000,0x00000000deb80000,0x00000000df800000)
 ParOldGen       total 35328K, used 10361K [0x0000000080000000, 0x0000000082280000, 0x00000000d5580000)
  object space 35328K, 29% used [0x0000000080000000,0x0000000080a1e4a8,0x0000000082280000)
 Metaspace       used 34311K, capacity 35286K, committed 35416K, reserved 1079296K
  class space    used 4669K, capacity 4910K, committed 4992K, reserved 1048576K
Event: 12.749 GC heap after
Heap after GC invocations=12 (full 2):
 PSYoungGen      total 165376K, used 0K [0x00000000d5580000, 0x00000000e0780000, 0x0000000100000000)
  eden space 153600K, 0% used [0x00000000d5580000,0x00000000d5580000,0x00000000deb80000)
  from space 11776K, 0% used [0x00000000df800000,0x00000000df800000,0x00000000e0380000)
  to   space 12800K, 0% used [0x00000000deb80000,0x00000000deb80000,0x00000000df800000)
 ParOldGen       total 61440K, used 17227K [0x0000000080000000, 0x0000000083c00000, 0x00000000d5580000)
  object space 61440K, 28% used [0x0000000080000000,0x00000000810d2e10,0x0000000083c00000)
 Metaspace       used 34311K, capacity 35286K, committed 35416K, reserved 1079296K
  class space    used 4669K, capacity 4910K, committed 4992K, reserved 1048576K
}
Event: 16.973 GC heap before
{Heap before GC invocations=13 (full 2):
 PSYoungGen      total 165376K, used 153600K [0x00000000d5580000, 0x00000000e0780000, 0x0000000100000000)
  eden space 153600K, 100% used [0x00000000d5580000,0x00000000deb80000,0x00000000deb80000)
  from space 11776K, 0% used [0x00000000df800000,0x00000000df800000,0x00000000e0380000)
  to   space 12800K, 0% used [0x00000000deb80000,0x00000000deb80000,0x00000000df800000)
 ParOldGen       total 61440K, used 17227K [0x0000000080000000, 0x0000000083c00000, 0x00000000d5580000)
  object space 61440K, 28% used [0x0000000080000000,0x00000000810d2e10,0x0000000083c00000)
 Metaspace       used 45463K, capacity 47200K, committed 47448K, reserved 1089536K
  class space    used 6147K, capacity 6515K, committed 6528K, reserved 1048576K
Event: 17.004 GC heap after
Heap after GC invocations=13 (full 2):
 PSYoungGen      total 166400K, used 12793K [0x00000000d5580000, 0x00000000e2280000, 0x0000000100000000)
  eden space 153600K, 0% used [0x00000000d5580000,0x00000000d5580000,0x00000000deb80000)
  from space 12800K, 99% used [0x00000000deb80000,0x00000000df7fe688,0x00000000df800000)
  to   space 15360K, 0% used [0x00000000e1380000,0x00000000e1380000,0x00000000e2280000)
 ParOldGen       total 61440K, used 19198K [0x0000000080000000, 0x0000000083c00000, 0x00000000d5580000)
  object space 61440K, 31% used [0x0000000080000000,0x00000000812bf828,0x0000000083c00000)
 Metaspace       used 45463K, capacity 47200K, committed 47448K, reserved 1089536K
  class space    used 6147K, capacity 6515K, committed 6528K, reserved 1048576K
}
Event: 20.818 GC heap before
{Heap before GC invocations=14 (full 2):
 PSYoungGen      total 166400K, used 155753K [0x00000000d5580000, 0x00000000e2280000, 0x0000000100000000)
  eden space 153600K, 93% used [0x00000000d5580000,0x00000000de11bf78,0x00000000deb80000)
  from space 12800K, 99% used [0x00000000deb80000,0x00000000df7fe688,0x00000000df800000)
  to   space 15360K, 0% used [0x00000000e1380000,0x00000000e1380000,0x00000000e2280000)
 ParOldGen       total 61440K, used 19198K [0x0000000080000000, 0x0000000083c00000, 0x00000000d5580000)
  object space 61440K, 31% used [0x0000000080000000,0x00000000812bf828,0x0000000083c00000)
 Metaspace       used 56850K, capacity 58898K, committed 59028K, reserved 1099776K
  class space    used 7691K, capacity 8099K, committed 8192K, reserved 1048576K
Event: 20.872 GC heap after
Heap after GC invocations=14 (full 2):
 PSYoungGen      total 188928K, used 15344K [0x00000000d5580000, 0x00000000e2f80000, 0x0000000100000000)
  eden space 173568K, 0% used [0x00000000d5580000,0x00000000d5580000,0x00000000dff00000)
  from space 15360K, 99% used [0x00000000e1380000,0x00000000e227c268,0x00000000e2280000)
  to   space 20992K, 0% used [0x00000000dff00000,0x00000000dff00000,0x00000000e1380000)
 ParOldGen       total 61440K, used 28398K [0x0000000080000000, 0x0000000083c00000, 0x00000000d5580000)
  object space 61440K, 46% used [0x0000000080000000,0x0000000081bbba40,0x0000000083c00000)
 Metaspace       used 56850K, capacity 58898K, committed 59028K, reserved 1099776K
  class space    used 7691K, capacity 8099K, committed 8192K, reserved 1048576K
}
Event: 20.872 GC heap before
{Heap before GC invocations=15 (full 3):
 PSYoungGen      total 188928K, used 15344K [0x00000000d5580000, 0x00000000e2f80000, 0x0000000100000000)
  eden space 173568K, 0% used [0x00000000d5580000,0x00000000d5580000,0x00000000dff00000)
  from space 15360K, 99% used [0x00000000e1380000,0x00000000e227c268,0x00000000e2280000)
  to   space 20992K, 0% used [0x00000000dff00000,0x00000000dff00000,0x00000000e1380000)
 ParOldGen       total 61440K, used 28398K [0x0000000080000000, 0x0000000083c00000, 0x00000000d5580000)
  object space 61440K, 46% used [0x0000000080000000,0x0000000081bbba40,0x0000000083c00000)
 Metaspace       used 56850K, capacity 58898K, committed 59028K, reserved 1099776K
  class space    used 7691K, capacity 8099K, committed 8192K, reserved 1048576K
Event: 21.192 GC heap after
Heap after GC invocations=15 (full 3):
 PSYoungGen      total 188928K, used 0K [0x00000000d5580000, 0x00000000e2f80000, 0x0000000100000000)
  eden space 173568K, 0% used [0x00000000d5580000,0x00000000d5580000,0x00000000dff00000)
  from space 15360K, 0% used [0x00000000e1380000,0x00000000e1380000,0x00000000e2280000)
  to   space 20992K, 0% used [0x00000000dff00000,0x00000000dff00000,0x00000000e1380000)
 ParOldGen       total 104448K, used 38769K [0x0000000080000000, 0x0000000086600000, 0x00000000d5580000)
  object space 104448K, 37% used [0x0000000080000000,0x00000000825dc6f0,0x0000000086600000)
 Metaspace       used 56841K, capacity 58868K, committed 59028K, reserved 1099776K
  class space    used 7688K, capacity 8094K, committed 8192K, reserved 1048576K
}
Event: 25.425 GC heap before
{Heap before GC invocations=16 (full 3):
 PSYoungGen      total 188928K, used 173568K [0x00000000d5580000, 0x00000000e2f80000, 0x0000000100000000)
  eden space 173568K, 100% used [0x00000000d5580000,0x00000000dff00000,0x00000000dff00000)
  from space 15360K, 0% used [0x00000000e1380000,0x00000000e1380000,0x00000000e2280000)
  to   space 20992K, 0% used [0x00000000dff00000,0x00000000dff00000,0x00000000e1380000)
 ParOldGen       total 104448K, used 38769K [0x0000000080000000, 0x0000000086600000, 0x00000000d5580000)
  object space 104448K, 37% used [0x0000000080000000,0x00000000825dc6f0,0x0000000086600000)
 Metaspace       used 64924K, capacity 67476K, committed 67800K, reserved 1107968K
  class space    used 8835K, capacity 9357K, committed 9472K, reserved 1048576K
Event: 25.455 GC heap after
Heap after GC invocations=16 (full 3):
 PSYoungGen      total 194560K, used 14414K [0x00000000d5580000, 0x00000000e2f80000, 0x0000000100000000)
  eden space 173568K, 0% used [0x00000000d5580000,0x00000000d5580000,0x00000000dff00000)
  from space 20992K, 68% used [0x00000000dff00000,0x00000000e0d13bc0,0x00000000e1380000)
  to   space 15360K, 0% used [0x00000000e1380000,0x00000000e1380000,0x00000000e2280000)
 ParOldGen       total 104448K, used 38777K [0x0000000080000000, 0x0000000086600000, 0x00000000d5580000)
  object space 104448K, 37% used [0x0000000080000000,0x00000000825de6f0,0x0000000086600000)
 Metaspace       used 64924K, capacity 67476K, committed 67800K, reserved 1107968K
  class space    used 8835K, capacity 9357K, committed 9472K, reserved 1048576K
}

