# JRE version: OpenJDK Runtime Environment (8.0_242-b01) (build 1.8.0_242-release-1644-b01)
# Java VM: OpenJDK 64-Bit Server VM (25.242-b01 mixed mode windows-amd64 compressed oops)
Heap:
 PSYoungGen      total 334848K, used 36482K [0x00000000d5580000, 0x00000000eed80000, 0x0000000100000000)
  eden space 290304K, 5% used [0x00000000d5580000,0x00000000d63b7040,0x00000000e7100000)
  from space 44544K, 49% used [0x00000000e7100000,0x00000000e8669878,0x00000000e9c80000)
  to   space 44032K, 0% used [0x00000000ec280000,0x00000000ec280000,0x00000000eed80000)
 ParOldGen       total 167936K, used 88850K [0x0000000080000000, 0x000000008a400000, 0x00000000d5580000)
  object space 167936K, 52% used [0x0000000080000000,0x00000000856c4a58,0x000000008a400000)
 Metaspace       used 95956K, capacity 100910K, committed 101144K, reserved 1136640K
  class space    used 12866K, capacity 13807K, committed 13872K, reserved 1048576K
GC Heap History (10 events):
Event: 24.168 GC heap before
{Heap before GC invocations=17 (full 3):
 PSYoungGen      total 239104K, used 239072K [0x00000000d5580000, 0x00000000e8280000, 0x0000000100000000)
  eden space 220672K, 100% used [0x00000000d5580000,0x00000000e2d00000,0x00000000e2d00000)
  from space 18432K, 99% used [0x00000000e2d00000,0x00000000e3ef8198,0x00000000e3f00000)
  to   space 22016K, 0% used [0x00000000e6d00000,0x00000000e6d00000,0x00000000e8280000)
 ParOldGen       total 87552K, used 36627K [0x0000000080000000, 0x0000000085580000, 0x00000000d5580000)
  object space 87552K, 41% used [0x0000000080000000,0x00000000823c4ed8,0x0000000085580000)
 Metaspace       used 71304K, capacity 74358K, committed 74648K, reserved 1114112K
  class space    used 9768K, capacity 10382K, committed 10416K, reserved 1048576K
Event: 24.239 GC heap after
Heap after GC invocations=17 (full 3):
 PSYoungGen      total 284672K, used 16373K [0x00000000d5580000, 0x00000000e8600000, 0x0000000100000000)
  eden space 262656K, 0% used [0x00000000d5580000,0x00000000d5580000,0x00000000e5600000)
  from space 22016K, 74% used [0x00000000e6d00000,0x00000000e7cfd5f8,0x00000000e8280000)
  to   space 23552K, 0% used [0x00000000e5600000,0x00000000e5600000,0x00000000e6d00000)
 ParOldGen       total 87552K, used 51664K [0x0000000080000000, 0x0000000085580000, 0x00000000d5580000)
  object space 87552K, 59% used [0x0000000080000000,0x0000000083274300,0x0000000085580000)
 Metaspace       used 71304K, capacity 74358K, committed 74648K, reserved 1114112K
  class space    used 9768K, capacity 10382K, committed 10416K, reserved 1048576K
}
Event: 189.766 GC heap before
{Heap before GC invocations=18 (full 3):
 PSYoungGen      total 284672K, used 279029K [0x00000000d5580000, 0x00000000e8600000, 0x0000000100000000)
  eden space 262656K, 100% used [0x00000000d5580000,0x00000000e5600000,0x00000000e5600000)
  from space 22016K, 74% used [0x00000000e6d00000,0x00000000e7cfd5f8,0x00000000e8280000)
  to   space 23552K, 0% used [0x00000000e5600000,0x00000000e5600000,0x00000000e6d00000)
 ParOldGen       total 87552K, used 51664K [0x0000000080000000, 0x0000000085580000, 0x00000000d5580000)
  object space 87552K, 59% used [0x0000000080000000,0x0000000083274300,0x0000000085580000)
 Metaspace       used 78281K, capacity 81668K, committed 81816K, reserved 1120256K
  class space    used 10454K, capacity 11108K, committed 11184K, reserved 1048576K
Event: 189.837 GC heap after
Heap after GC invocations=18 (full 3):
 PSYoungGen      total 286208K, used 23550K [0x00000000d5580000, 0x00000000eb900000, 0x0000000100000000)
  eden space 262656K, 0% used [0x00000000d5580000,0x00000000d5580000,0x00000000e5600000)
  from space 23552K, 99% used [0x00000000e5600000,0x00000000e6cff978,0x00000000e6d00000)
  to   space 29184K, 0% used [0x00000000e9c80000,0x00000000e9c80000,0x00000000eb900000)
 ParOldGen       total 87552K, used 57967K [0x0000000080000000, 0x0000000085580000, 0x00000000d5580000)
  object space 87552K, 66% used [0x0000000080000000,0x000000008389bd58,0x0000000085580000)
 Metaspace       used 78281K, capacity 81668K, committed 81816K, reserved 1120256K
  class space    used 10454K, capacity 11108K, committed 11184K, reserved 1048576K
}
Event: 192.520 GC heap before
{Heap before GC invocations=19 (full 3):
 PSYoungGen      total 286208K, used 286206K [0x00000000d5580000, 0x00000000eb900000, 0x0000000100000000)
  eden space 262656K, 100% used [0x00000000d5580000,0x00000000e5600000,0x00000000e5600000)
  from space 23552K, 99% used [0x00000000e5600000,0x00000000e6cff978,0x00000000e6d00000)
  to   space 29184K, 0% used [0x00000000e9c80000,0x00000000e9c80000,0x00000000eb900000)
 ParOldGen       total 87552K, used 57967K [0x0000000080000000, 0x0000000085580000, 0x00000000d5580000)
  object space 87552K, 66% used [0x0000000080000000,0x000000008389bd58,0x0000000085580000)
 Metaspace       used 85460K, capacity 89720K, committed 89752K, reserved 1126400K
  class space    used 11579K, capacity 12432K, committed 12464K, reserved 1048576K
Event: 192.614 GC heap after
Heap after GC invocations=19 (full 3):
 PSYoungGen      total 319488K, used 29180K [0x00000000d5580000, 0x00000000ee180000, 0x0000000100000000)
  eden space 290304K, 0% used [0x00000000d5580000,0x00000000d5580000,0x00000000e7100000)
  from space 29184K, 99% used [0x00000000e9c80000,0x00000000eb8ff3b8,0x00000000eb900000)
  to   space 44544K, 0% used [0x00000000e7100000,0x00000000e7100000,0x00000000e9c80000)
 ParOldGen       total 87552K, used 86255K [0x0000000080000000, 0x0000000085580000, 0x00000000d5580000)
  object space 87552K, 98% used [0x0000000080000000,0x000000008543bd80,0x0000000085580000)
 Metaspace       used 85460K, capacity 89720K, committed 89752K, reserved 1126400K
  class space    used 11579K, capacity 12432K, committed 12464K, reserved 1048576K
}
Event: 192.614 GC heap before
{Heap before GC invocations=20 (full 4):
 PSYoungGen      total 319488K, used 29180K [0x00000000d5580000, 0x00000000ee180000, 0x0000000100000000)
  eden space 290304K, 0% used [0x00000000d5580000,0x00000000d5580000,0x00000000e7100000)
  from space 29184K, 99% used [0x00000000e9c80000,0x00000000eb8ff3b8,0x00000000eb900000)
  to   space 44544K, 0% used [0x00000000e7100000,0x00000000e7100000,0x00000000e9c80000)
 ParOldGen       total 87552K, used 86255K [0x0000000080000000, 0x0000000085580000, 0x00000000d5580000)
  object space 87552K, 98% used [0x0000000080000000,0x000000008543bd80,0x0000000085580000)
 Metaspace       used 85460K, capacity 89720K, committed 89752K, reserved 1126400K
  class space    used 11579K, capacity 12432K, committed 12464K, reserved 1048576K
Event: 193.090 GC heap after
Heap after GC invocations=20 (full 4):
 PSYoungGen      total 319488K, used 1951K [0x00000000d5580000, 0x00000000ee180000, 0x0000000100000000)
  eden space 290304K, 0% used [0x00000000d5580000,0x00000000d5580000,0x00000000e7100000)
  from space 29184K, 6% used [0x00000000e9c80000,0x00000000e9e67c38,0x00000000eb900000)
  to   space 44544K, 0% used [0x00000000e7100000,0x00000000e7100000,0x00000000e9c80000)
 ParOldGen       total 167936K, used 87535K [0x0000000080000000, 0x000000008a400000, 0x00000000d5580000)
  object space 167936K, 52% used [0x0000000080000000,0x000000008557be78,0x000000008a400000)
 Metaspace       used 85346K, capacity 89400K, committed 89752K, reserved 1126400K
  class space    used 11543K, capacity 12368K, committed 12464K, reserved 1048576K
}
Event: 1183.103 GC heap before
{Heap before GC invocations=21 (full 4):
 PSYoungGen      total 319488K, used 292255K [0x00000000d5580000, 0x00000000ee180000, 0x0000000100000000)
  eden space 290304K, 100% used [0x00000000d5580000,0x00000000e7100000,0x00000000e7100000)
  from space 29184K, 6% used [0x00000000e9c80000,0x00000000e9e67c38,0x00000000eb900000)
  to   space 44544K, 0% used [0x00000000e7100000,0x00000000e7100000,0x00000000e9c80000)
 ParOldGen       total 167936K, used 87535K [0x0000000080000000, 0x000000008a400000, 0x00000000d5580000)
  object space 167936K, 52% used [0x0000000080000000,0x000000008557be78,0x000000008a400000)
 Metaspace       used 95852K, capacity 100762K, committed 100888K, reserved 1136640K
  class space    used 12856K, capacity 13793K, committed 13872K, reserved 1048576K
Event: 1183.434 GC heap after
Heap after GC invocations=21 (full 4):
 PSYoungGen      total 334848K, used 21926K [0x00000000d5580000, 0x00000000eed80000, 0x0000000100000000)
  eden space 290304K, 0% used [0x00000000d5580000,0x00000000d5580000,0x00000000e7100000)
  from space 44544K, 49% used [0x00000000e7100000,0x00000000e8669878,0x00000000e9c80000)
  to   space 44032K, 0% used [0x00000000ec280000,0x00000000ec280000,0x00000000eed80000)
 ParOldGen       total 167936K, used 88850K [0x0000000080000000, 0x000000008a400000, 0x00000000d5580000)
  object space 167936K, 52% used [0x0000000080000000,0x00000000856c4a58,0x000000008a400000)
 Metaspace       used 95852K, capacity 100762K, committed 100888K, reserved 1136640K
  class space    used 12856K, capacity 13793K, committed 13872K, reserved 1048576K
}

