# JRE version: OpenJDK Runtime Environment (8.0_242-b01) (build 1.8.0_242-release-1644-b01)
# Java VM: OpenJDK 64-Bit Server VM (25.242-b01 mixed mode windows-amd64 compressed oops)
Heap:
 PSYoungGen      total 227840K, used 23198K [0x00000000d5580000, 0x00000000e4900000, 0x0000000100000000)
  eden space 210432K, 11% used [0x00000000d5580000,0x00000000d6c278f8,0x00000000e2300000)
  from space 17408K, 0% used [0x00000000e3500000,0x00000000e3500000,0x00000000e4600000)
  to   space 18432K, 0% used [0x00000000e2300000,0x00000000e2300000,0x00000000e3500000)
 ParOldGen       total 88064K, used 35183K [0x0000000080000000, 0x0000000085600000, 0x00000000d5580000)
  object space 88064K, 39% used [0x0000000080000000,0x000000008225beb8,0x0000000085600000)
 Metaspace       used 58654K, capacity 60571K, committed 60696K, reserved 1101824K
  class space    used 8010K, capacity 8425K, committed 8496K, reserved 1048576K
GC Heap History (10 events):
Event: 9.286 GC heap before
{Heap before GC invocations=11 (full 1):
 PSYoungGen      total 130048K, used 73857K [0x00000000d5580000, 0x00000000e1200000, 0x0000000100000000)
  eden space 120832K, 53% used [0x00000000d5580000,0x00000000d94a8288,0x00000000dcb80000)
  from space 9216K, 99% used [0x00000000dcb80000,0x00000000dd478468,0x00000000dd480000)
  to   space 11776K, 0% used [0x00000000e0680000,0x00000000e0680000,0x00000000e1200000)
 ParOldGen       total 31744K, used 11382K [0x0000000080000000, 0x0000000081f00000, 0x00000000d5580000)
  object space 31744K, 35% used [0x0000000080000000,0x0000000080b1d9c8,0x0000000081f00000)
 Metaspace       used 34524K, capacity 35383K, committed 35496K, reserved 1079296K
  class space    used 4698K, capacity 4912K, committed 4912K, reserved 1048576K
Event: 9.318 GC heap after
Heap after GC invocations=11 (full 1):
 PSYoungGen      total 179712K, used 10793K [0x00000000d5580000, 0x00000000e1580000, 0x0000000100000000)
  eden space 167936K, 0% used [0x00000000d5580000,0x00000000d5580000,0x00000000df980000)
  from space 11776K, 91% used [0x00000000e0680000,0x00000000e110a6f0,0x00000000e1200000)
  to   space 13312K, 0% used [0x00000000df980000,0x00000000df980000,0x00000000e0680000)
 ParOldGen       total 31744K, used 11390K [0x0000000080000000, 0x0000000081f00000, 0x00000000d5580000)
  object space 31744K, 35% used [0x0000000080000000,0x0000000080b1f9c8,0x0000000081f00000)
 Metaspace       used 34524K, capacity 35383K, committed 35496K, reserved 1079296K
  class space    used 4698K, capacity 4912K, committed 4912K, reserved 1048576K
}
Event: 9.318 GC heap before
{Heap before GC invocations=12 (full 2):
 PSYoungGen      total 179712K, used 10793K [0x00000000d5580000, 0x00000000e1580000, 0x0000000100000000)
  eden space 167936K, 0% used [0x00000000d5580000,0x00000000d5580000,0x00000000df980000)
  from space 11776K, 91% used [0x00000000e0680000,0x00000000e110a6f0,0x00000000e1200000)
  to   space 13312K, 0% used [0x00000000df980000,0x00000000df980000,0x00000000e0680000)
 ParOldGen       total 31744K, used 11390K [0x0000000080000000, 0x0000000081f00000, 0x00000000d5580000)
  object space 31744K, 35% used [0x0000000080000000,0x0000000080b1f9c8,0x0000000081f00000)
 Metaspace       used 34524K, capacity 35383K, committed 35496K, reserved 1079296K
  class space    used 4698K, capacity 4912K, committed 4912K, reserved 1048576K
Event: 9.466 GC heap after
Heap after GC invocations=12 (full 2):
 PSYoungGen      total 179712K, used 0K [0x00000000d5580000, 0x00000000e1580000, 0x0000000100000000)
  eden space 167936K, 0% used [0x00000000d5580000,0x00000000d5580000,0x00000000df980000)
  from space 11776K, 0% used [0x00000000e0680000,0x00000000e0680000,0x00000000e1200000)
  to   space 13312K, 0% used [0x00000000df980000,0x00000000df980000,0x00000000e0680000)
 ParOldGen       total 53248K, used 17155K [0x0000000080000000, 0x0000000083400000, 0x00000000d5580000)
  object space 53248K, 32% used [0x0000000080000000,0x00000000810c0dd0,0x0000000083400000)
 Metaspace       used 34524K, capacity 35383K, committed 35496K, reserved 1079296K
  class space    used 4698K, capacity 4912K, committed 4912K, reserved 1048576K
}
Event: 13.351 GC heap before
{Heap before GC invocations=13 (full 2):
 PSYoungGen      total 179712K, used 167936K [0x00000000d5580000, 0x00000000e1580000, 0x0000000100000000)
  eden space 167936K, 100% used [0x00000000d5580000,0x00000000df980000,0x00000000df980000)
  from space 11776K, 0% used [0x00000000e0680000,0x00000000e0680000,0x00000000e1200000)
  to   space 13312K, 0% used [0x00000000df980000,0x00000000df980000,0x00000000e0680000)
 ParOldGen       total 53248K, used 17155K [0x0000000080000000, 0x0000000083400000, 0x00000000d5580000)
  object space 53248K, 32% used [0x0000000080000000,0x00000000810c0dd0,0x0000000083400000)
 Metaspace       used 49737K, capacity 51237K, committed 51504K, reserved 1093632K
  class space    used 6610K, capacity 6951K, committed 6960K, reserved 1048576K
Event: 13.387 GC heap after
Heap after GC invocations=13 (full 2):
 PSYoungGen      total 181248K, used 13305K [0x00000000d5580000, 0x00000000e4600000, 0x0000000100000000)
  eden space 167936K, 0% used [0x00000000d5580000,0x00000000d5580000,0x00000000df980000)
  from space 13312K, 99% used [0x00000000df980000,0x00000000e067e518,0x00000000e0680000)
  to   space 17408K, 0% used [0x00000000e3500000,0x00000000e3500000,0x00000000e4600000)
 ParOldGen       total 53248K, used 23636K [0x0000000080000000, 0x0000000083400000, 0x00000000d5580000)
  object space 53248K, 44% used [0x0000000080000000,0x00000000817152c8,0x0000000083400000)
 Metaspace       used 49737K, capacity 51237K, committed 51504K, reserved 1093632K
  class space    used 6610K, capacity 6951K, committed 6960K, reserved 1048576K
}
Event: 16.451 GC heap before
{Heap before GC invocations=14 (full 2):
 PSYoungGen      total 181248K, used 124129K [0x00000000d5580000, 0x00000000e4600000, 0x0000000100000000)
  eden space 167936K, 65% used [0x00000000d5580000,0x00000000dc1ba1a8,0x00000000df980000)
  from space 13312K, 99% used [0x00000000df980000,0x00000000e067e518,0x00000000e0680000)
  to   space 17408K, 0% used [0x00000000e3500000,0x00000000e3500000,0x00000000e4600000)
 ParOldGen       total 53248K, used 23636K [0x0000000080000000, 0x0000000083400000, 0x00000000d5580000)
  object space 53248K, 44% used [0x0000000080000000,0x00000000817152c8,0x0000000083400000)
 Metaspace       used 57209K, capacity 59033K, committed 59160K, reserved 1099776K
  class space    used 7735K, capacity 8158K, committed 8240K, reserved 1048576K
Event: 16.511 GC heap after
Heap after GC invocations=14 (full 2):
 PSYoungGen      total 227840K, used 12675K [0x00000000d5580000, 0x00000000e4900000, 0x0000000100000000)
  eden space 210432K, 0% used [0x00000000d5580000,0x00000000d5580000,0x00000000e2300000)
  from space 17408K, 72% used [0x00000000e3500000,0x00000000e4160d28,0x00000000e4600000)
  to   space 18432K, 0% used [0x00000000e2300000,0x00000000e2300000,0x00000000e3500000)
 ParOldGen       total 53248K, used 33032K [0x0000000080000000, 0x0000000083400000, 0x00000000d5580000)
  object space 53248K, 62% used [0x0000000080000000,0x0000000082042328,0x0000000083400000)
 Metaspace       used 57209K, capacity 59033K, committed 59160K, reserved 1099776K
  class space    used 7735K, capacity 8158K, committed 8240K, reserved 1048576K
}
Event: 16.511 GC heap before
{Heap before GC invocations=15 (full 3):
 PSYoungGen      total 227840K, used 12675K [0x00000000d5580000, 0x00000000e4900000, 0x0000000100000000)
  eden space 210432K, 0% used [0x00000000d5580000,0x00000000d5580000,0x00000000e2300000)
  from space 17408K, 72% used [0x00000000e3500000,0x00000000e4160d28,0x00000000e4600000)
  to   space 18432K, 0% used [0x00000000e2300000,0x00000000e2300000,0x00000000e3500000)
 ParOldGen       total 53248K, used 33032K [0x0000000080000000, 0x0000000083400000, 0x00000000d5580000)
  object space 53248K, 62% used [0x0000000080000000,0x0000000082042328,0x0000000083400000)
 Metaspace       used 57209K, capacity 59033K, committed 59160K, reserved 1099776K
  class space    used 7735K, capacity 8158K, committed 8240K, reserved 1048576K
Event: 16.897 GC heap after
Heap after GC invocations=15 (full 3):
 PSYoungGen      total 227840K, used 0K [0x00000000d5580000, 0x00000000e4900000, 0x0000000100000000)
  eden space 210432K, 0% used [0x00000000d5580000,0x00000000d5580000,0x00000000e2300000)
  from space 17408K, 0% used [0x00000000e3500000,0x00000000e3500000,0x00000000e4600000)
  to   space 18432K, 0% used [0x00000000e2300000,0x00000000e2300000,0x00000000e3500000)
 ParOldGen       total 88064K, used 35183K [0x0000000080000000, 0x0000000085600000, 0x00000000d5580000)
  object space 88064K, 39% used [0x0000000080000000,0x000000008225beb8,0x0000000085600000)
 Metaspace       used 57205K, capacity 59021K, committed 59160K, reserved 1099776K
  class space    used 7734K, capacity 8156K, committed 8240K, reserved 1048576K
}

