# JRE version: OpenJDK Runtime Environment (8.0_242-b01) (build 1.8.0_242-release-1644-b01)
# Java VM: OpenJDK 64-Bit Server VM (25.242-b01 mixed mode windows-amd64 compressed oops)
Heap:
 PSYoungGen      total 298496K, used 138971K [0x00000000d5580000, 0x00000000ea300000, 0x0000000100000000)
  eden space 264704K, 41% used [0x00000000d5580000,0x00000000dbfc7550,0x00000000e5800000)
  from space 33792K, 89% used [0x00000000e7d00000,0x00000000e9a6f8b0,0x00000000e9e00000)
  to   space 37888K, 0% used [0x00000000e5800000,0x00000000e5800000,0x00000000e7d00000)
 ParOldGen       total 143872K, used 49179K [0x0000000080000000, 0x0000000088c80000, 0x00000000d5580000)
  object space 143872K, 34% used [0x0000000080000000,0x0000000083006fb8,0x0000000088c80000)
 Metaspace       used 97469K, capacity 102016K, committed 102168K, reserved 1138688K
  class space    used 12666K, capacity 13537K, committed 13616K, reserved 1048576K
GC Heap History (10 events):
Event: 121.642 GC heap before
{Heap before GC invocations=18 (full 3):
 PSYoungGen      total 244736K, used 244715K [0x00000000d5580000, 0x00000000e6180000, 0x0000000100000000)
  eden space 223232K, 100% used [0x00000000d5580000,0x00000000e2f80000,0x00000000e2f80000)
  from space 21504K, 99% used [0x00000000e4a00000,0x00000000e5efacd8,0x00000000e5f00000)
  to   space 25600K, 0% used [0x00000000e2f80000,0x00000000e2f80000,0x00000000e4880000)
 ParOldGen       total 95232K, used 38095K [0x0000000080000000, 0x0000000085d00000, 0x00000000d5580000)
  object space 95232K, 40% used [0x0000000080000000,0x0000000082533dd0,0x0000000085d00000)
 Metaspace       used 71799K, capacity 74918K, committed 75032K, reserved 1114112K
  class space    used 9402K, capacity 10022K, committed 10032K, reserved 1048576K
Event: 121.711 GC heap after
Heap after GC invocations=18 (full 3):
 PSYoungGen      total 248832K, used 25580K [0x00000000d5580000, 0x00000000e9980000, 0x0000000100000000)
  eden space 223232K, 0% used [0x00000000d5580000,0x00000000d5580000,0x00000000e2f80000)
  from space 25600K, 99% used [0x00000000e2f80000,0x00000000e487b2f8,0x00000000e4880000)
  to   space 37888K, 0% used [0x00000000e7480000,0x00000000e7480000,0x00000000e9980000)
 ParOldGen       total 95232K, used 59838K [0x0000000080000000, 0x0000000085d00000, 0x00000000d5580000)
  object space 95232K, 62% used [0x0000000080000000,0x0000000083a6f830,0x0000000085d00000)
 Metaspace       used 71799K, capacity 74918K, committed 75032K, reserved 1114112K
  class space    used 9402K, capacity 10022K, committed 10032K, reserved 1048576K
}
Event: 271.590 GC heap before
{Heap before GC invocations=19 (full 3):
 PSYoungGen      total 248832K, used 248812K [0x00000000d5580000, 0x00000000e9980000, 0x0000000100000000)
  eden space 223232K, 100% used [0x00000000d5580000,0x00000000e2f80000,0x00000000e2f80000)
  from space 25600K, 99% used [0x00000000e2f80000,0x00000000e487b2f8,0x00000000e4880000)
  to   space 37888K, 0% used [0x00000000e7480000,0x00000000e7480000,0x00000000e9980000)
 ParOldGen       total 95232K, used 59838K [0x0000000080000000, 0x0000000085d00000, 0x00000000d5580000)
  object space 95232K, 62% used [0x0000000080000000,0x0000000083a6f830,0x0000000085d00000)
 Metaspace       used 75220K, capacity 78444K, committed 78616K, reserved 1118208K
  class space    used 9811K, capacity 10445K, committed 10544K, reserved 1048576K
Event: 271.641 GC heap after
Heap after GC invocations=19 (full 3):
 PSYoungGen      total 276480K, used 12071K [0x00000000d5580000, 0x00000000e8f00000, 0x0000000100000000)
  eden space 249344K, 0% used [0x00000000d5580000,0x00000000d5580000,0x00000000e4900000)
  from space 27136K, 44% used [0x00000000e7480000,0x00000000e8049f08,0x00000000e8f00000)
  to   space 35840K, 0% used [0x00000000e4900000,0x00000000e4900000,0x00000000e6c00000)
 ParOldGen       total 95232K, used 82557K [0x0000000080000000, 0x0000000085d00000, 0x00000000d5580000)
  object space 95232K, 86% used [0x0000000080000000,0x000000008509f778,0x0000000085d00000)
 Metaspace       used 75220K, capacity 78444K, committed 78616K, reserved 1118208K
  class space    used 9811K, capacity 10445K, committed 10544K, reserved 1048576K
}
Event: 271.641 GC heap before
{Heap before GC invocations=20 (full 4):
 PSYoungGen      total 276480K, used 12071K [0x00000000d5580000, 0x00000000e8f00000, 0x0000000100000000)
  eden space 249344K, 0% used [0x00000000d5580000,0x00000000d5580000,0x00000000e4900000)
  from space 27136K, 44% used [0x00000000e7480000,0x00000000e8049f08,0x00000000e8f00000)
  to   space 35840K, 0% used [0x00000000e4900000,0x00000000e4900000,0x00000000e6c00000)
 ParOldGen       total 95232K, used 82557K [0x0000000080000000, 0x0000000085d00000, 0x00000000d5580000)
  object space 95232K, 86% used [0x0000000080000000,0x000000008509f778,0x0000000085d00000)
 Metaspace       used 75220K, capacity 78444K, committed 78616K, reserved 1118208K
  class space    used 9811K, capacity 10445K, committed 10544K, reserved 1048576K
Event: 271.847 GC heap after
Heap after GC invocations=20 (full 4):
 PSYoungGen      total 276480K, used 0K [0x00000000d5580000, 0x00000000e8f00000, 0x0000000100000000)
  eden space 249344K, 0% used [0x00000000d5580000,0x00000000d5580000,0x00000000e4900000)
  from space 27136K, 0% used [0x00000000e7480000,0x00000000e7480000,0x00000000e8f00000)
  to   space 35840K, 0% used [0x00000000e4900000,0x00000000e4900000,0x00000000e6c00000)
 ParOldGen       total 143872K, used 49171K [0x0000000080000000, 0x0000000088c80000, 0x00000000d5580000)
  object space 143872K, 34% used [0x0000000080000000,0x0000000083004fb8,0x0000000088c80000)
 Metaspace       used 75116K, capacity 78134K, committed 78616K, reserved 1118208K
  class space    used 9776K, capacity 10384K, committed 10544K, reserved 1048576K
}
Event: 374.303 GC heap before
{Heap before GC invocations=21 (full 4):
 PSYoungGen      total 276480K, used 249344K [0x00000000d5580000, 0x00000000e8f00000, 0x0000000100000000)
  eden space 249344K, 100% used [0x00000000d5580000,0x00000000e4900000,0x00000000e4900000)
  from space 27136K, 0% used [0x00000000e7480000,0x00000000e7480000,0x00000000e8f00000)
  to   space 35840K, 0% used [0x00000000e4900000,0x00000000e4900000,0x00000000e6c00000)
 ParOldGen       total 143872K, used 49171K [0x0000000080000000, 0x0000000088c80000, 0x00000000d5580000)
  object space 143872K, 34% used [0x0000000080000000,0x0000000083004fb8,0x0000000088c80000)
 Metaspace       used 75621K, capacity 78882K, committed 79128K, reserved 1118208K
  class space    used 9817K, capacity 10454K, committed 10544K, reserved 1048576K
Event: 374.333 GC heap after
Heap after GC invocations=21 (full 4):
 PSYoungGen      total 285184K, used 14512K [0x00000000d5580000, 0x00000000e9e00000, 0x0000000100000000)
  eden space 249344K, 0% used [0x00000000d5580000,0x00000000d5580000,0x00000000e4900000)
  from space 35840K, 40% used [0x00000000e4900000,0x00000000e572c148,0x00000000e6c00000)
  to   space 33792K, 0% used [0x00000000e7d00000,0x00000000e7d00000,0x00000000e9e00000)
 ParOldGen       total 143872K, used 49171K [0x0000000080000000, 0x0000000088c80000, 0x00000000d5580000)
  object space 143872K, 34% used [0x0000000080000000,0x0000000083004fb8,0x0000000088c80000)
 Metaspace       used 75621K, capacity 78882K, committed 79128K, reserved 1118208K
  class space    used 9817K, capacity 10454K, committed 10544K, reserved 1048576K
}
Event: 410.201 GC heap before
{Heap before GC invocations=22 (full 4):
 PSYoungGen      total 285184K, used 263856K [0x00000000d5580000, 0x00000000e9e00000, 0x0000000100000000)
  eden space 249344K, 100% used [0x00000000d5580000,0x00000000e4900000,0x00000000e4900000)
  from space 35840K, 40% used [0x00000000e4900000,0x00000000e572c148,0x00000000e6c00000)
  to   space 33792K, 0% used [0x00000000e7d00000,0x00000000e7d00000,0x00000000e9e00000)
 ParOldGen       total 143872K, used 49171K [0x0000000080000000, 0x0000000088c80000, 0x00000000d5580000)
  object space 143872K, 34% used [0x0000000080000000,0x0000000083004fb8,0x0000000088c80000)
 Metaspace       used 89679K, capacity 94010K, committed 94232K, reserved 1130496K
  class space    used 11530K, capacity 12335K, committed 12336K, reserved 1048576K
Event: 410.252 GC heap after
Heap after GC invocations=22 (full 4):
 PSYoungGen      total 298496K, used 30142K [0x00000000d5580000, 0x00000000ea300000, 0x0000000100000000)
  eden space 264704K, 0% used [0x00000000d5580000,0x00000000d5580000,0x00000000e5800000)
  from space 33792K, 89% used [0x00000000e7d00000,0x00000000e9a6f8b0,0x00000000e9e00000)
  to   space 37888K, 0% used [0x00000000e5800000,0x00000000e5800000,0x00000000e7d00000)
 ParOldGen       total 143872K, used 49179K [0x0000000080000000, 0x0000000088c80000, 0x00000000d5580000)
  object space 143872K, 34% used [0x0000000080000000,0x0000000083006fb8,0x0000000088c80000)
 Metaspace       used 89679K, capacity 94010K, committed 94232K, reserved 1130496K
  class space    used 11530K, capacity 12335K, committed 12336K, reserved 1048576K
}

