# JRE version: OpenJDK Runtime Environment (8.0_242-b01) (build 1.8.0_242-release-1644-b01)
# Java VM: OpenJDK 64-Bit Server VM (25.242-b01 mixed mode windows-amd64 compressed oops)
Heap:
 PSYoungGen      total 263680K, used 160979K [0x00000000d5580000, 0x00000000e9600000, 0x0000000100000000)
  eden space 235008K, 64% used [0x00000000d5580000,0x00000000de950de8,0x00000000e3b00000)
  from space 28672K, 33% used [0x00000000e3b00000,0x00000000e4463f80,0x00000000e5700000)
  to   space 27648K, 0% used [0x00000000e7b00000,0x00000000e7b00000,0x00000000e9600000)
 ParOldGen       total 91136K, used 64620K [0x0000000080000000, 0x0000000085900000, 0x00000000d5580000)
  object space 91136K, 70% used [0x0000000080000000,0x0000000083f1b000,0x0000000085900000)
 Metaspace       used 82009K, capacity 85918K, committed 86168K, reserved 1124352K
  class space    used 10797K, capacity 11550K, committed 11672K, reserved 1048576K
GC Heap History (10 events):
Event: 17.858 GC heap before
{Heap before GC invocations=14 (full 2):
 PSYoungGen      total 174080K, used 147439K [0x00000000d5580000, 0x00000000e4080000, 0x0000000100000000)
  eden space 161280K, 83% used [0x00000000d5580000,0x00000000dd902920,0x00000000df300000)
  from space 12800K, 99% used [0x00000000df300000,0x00000000dff795d0,0x00000000dff80000)
  to   space 15872K, 0% used [0x00000000e3100000,0x00000000e3100000,0x00000000e4080000)
 ParOldGen       total 53760K, used 20416K [0x0000000080000000, 0x0000000083480000, 0x00000000d5580000)
  object space 53760K, 37% used [0x0000000080000000,0x00000000813f0278,0x0000000083480000)
 Metaspace       used 56899K, capacity 59024K, committed 59160K, reserved 1099776K
  class space    used 7699K, capacity 8136K, committed 8216K, reserved 1048576K
Event: 17.908 GC heap after
Heap after GC invocations=14 (full 2):
 PSYoungGen      total 219136K, used 15869K [0x00000000d5580000, 0x00000000e4b00000, 0x0000000100000000)
  eden space 203264K, 0% used [0x00000000d5580000,0x00000000d5580000,0x00000000e1c00000)
  from space 15872K, 99% used [0x00000000e3100000,0x00000000e407f500,0x00000000e4080000)
  to   space 21504K, 0% used [0x00000000e1c00000,0x00000000e1c00000,0x00000000e3100000)
 ParOldGen       total 53760K, used 29061K [0x0000000080000000, 0x0000000083480000, 0x00000000d5580000)
  object space 53760K, 54% used [0x0000000080000000,0x0000000081c61768,0x0000000083480000)
 Metaspace       used 56899K, capacity 59024K, committed 59160K, reserved 1099776K
  class space    used 7699K, capacity 8136K, committed 8216K, reserved 1048576K
}
Event: 17.908 GC heap before
{Heap before GC invocations=15 (full 3):
 PSYoungGen      total 219136K, used 15869K [0x00000000d5580000, 0x00000000e4b00000, 0x0000000100000000)
  eden space 203264K, 0% used [0x00000000d5580000,0x00000000d5580000,0x00000000e1c00000)
  from space 15872K, 99% used [0x00000000e3100000,0x00000000e407f500,0x00000000e4080000)
  to   space 21504K, 0% used [0x00000000e1c00000,0x00000000e1c00000,0x00000000e3100000)
 ParOldGen       total 53760K, used 29061K [0x0000000080000000, 0x0000000083480000, 0x00000000d5580000)
  object space 53760K, 54% used [0x0000000080000000,0x0000000081c61768,0x0000000083480000)
 Metaspace       used 56899K, capacity 59024K, committed 59160K, reserved 1099776K
  class space    used 7699K, capacity 8136K, committed 8216K, reserved 1048576K
Event: 18.348 GC heap after
Heap after GC invocations=15 (full 3):
 PSYoungGen      total 219136K, used 0K [0x00000000d5580000, 0x00000000e4b00000, 0x0000000100000000)
  eden space 203264K, 0% used [0x00000000d5580000,0x00000000d5580000,0x00000000e1c00000)
  from space 15872K, 0% used [0x00000000e3100000,0x00000000e3100000,0x00000000e4080000)
  to   space 21504K, 0% used [0x00000000e1c00000,0x00000000e1c00000,0x00000000e3100000)
 ParOldGen       total 91136K, used 38676K [0x0000000080000000, 0x0000000085900000, 0x00000000d5580000)
  object space 91136K, 42% used [0x0000000080000000,0x00000000825c5120,0x0000000085900000)
 Metaspace       used 56887K, capacity 58982K, committed 59160K, reserved 1099776K
  class space    used 7695K, capacity 8129K, committed 8216K, reserved 1048576K
}
Event: 22.882 GC heap before
{Heap before GC invocations=16 (full 3):
 PSYoungGen      total 219136K, used 203264K [0x00000000d5580000, 0x00000000e4b00000, 0x0000000100000000)
  eden space 203264K, 100% used [0x00000000d5580000,0x00000000e1c00000,0x00000000e1c00000)
  from space 15872K, 0% used [0x00000000e3100000,0x00000000e3100000,0x00000000e4080000)
  to   space 21504K, 0% used [0x00000000e1c00000,0x00000000e1c00000,0x00000000e3100000)
 ParOldGen       total 91136K, used 38676K [0x0000000080000000, 0x0000000085900000, 0x00000000d5580000)
  object space 91136K, 42% used [0x0000000080000000,0x00000000825c5120,0x0000000085900000)
 Metaspace       used 65867K, capacity 68842K, committed 69016K, reserved 1107968K
  class space    used 9006K, capacity 9580K, committed 9624K, reserved 1048576K
Event: 22.911 GC heap after
Heap after GC invocations=16 (full 3):
 PSYoungGen      total 224768K, used 16418K [0x00000000d5580000, 0x00000000e6d80000, 0x0000000100000000)
  eden space 203264K, 0% used [0x00000000d5580000,0x00000000d5580000,0x00000000e1c00000)
  from space 21504K, 76% used [0x00000000e1c00000,0x00000000e2c08900,0x00000000e3100000)
  to   space 23040K, 0% used [0x00000000e5700000,0x00000000e5700000,0x00000000e6d80000)
 ParOldGen       total 91136K, used 38684K [0x0000000080000000, 0x0000000085900000, 0x00000000d5580000)
  object space 91136K, 42% used [0x0000000080000000,0x00000000825c7120,0x0000000085900000)
 Metaspace       used 65867K, capacity 68842K, committed 69016K, reserved 1107968K
  class space    used 9006K, capacity 9580K, committed 9624K, reserved 1048576K
}
Event: 27.393 GC heap before
{Heap before GC invocations=17 (full 3):
 PSYoungGen      total 224768K, used 219682K [0x00000000d5580000, 0x00000000e6d80000, 0x0000000100000000)
  eden space 203264K, 100% used [0x00000000d5580000,0x00000000e1c00000,0x00000000e1c00000)
  from space 21504K, 76% used [0x00000000e1c00000,0x00000000e2c08900,0x00000000e3100000)
  to   space 23040K, 0% used [0x00000000e5700000,0x00000000e5700000,0x00000000e6d80000)
 ParOldGen       total 91136K, used 38684K [0x0000000080000000, 0x0000000085900000, 0x00000000d5580000)
  object space 91136K, 42% used [0x0000000080000000,0x00000000825c7120,0x0000000085900000)
 Metaspace       used 74422K, capacity 77812K, committed 77848K, reserved 1116160K
  class space    used 10123K, capacity 10749K, committed 10776K, reserved 1048576K
Event: 27.454 GC heap after
Heap after GC invocations=17 (full 3):
 PSYoungGen      total 258048K, used 23018K [0x00000000d5580000, 0x00000000e7880000, 0x0000000100000000)
  eden space 235008K, 0% used [0x00000000d5580000,0x00000000d5580000,0x00000000e3b00000)
  from space 23040K, 99% used [0x00000000e5700000,0x00000000e6d7aaf0,0x00000000e6d80000)
  to   space 28672K, 0% used [0x00000000e3b00000,0x00000000e3b00000,0x00000000e5700000)
 ParOldGen       total 91136K, used 44350K [0x0000000080000000, 0x0000000085900000, 0x00000000d5580000)
  object space 91136K, 48% used [0x0000000080000000,0x0000000082b4fbc0,0x0000000085900000)
 Metaspace       used 74422K, capacity 77812K, committed 77848K, reserved 1116160K
  class space    used 10123K, capacity 10749K, committed 10776K, reserved 1048576K
}
Event: 126.947 GC heap before
{Heap before GC invocations=18 (full 3):
 PSYoungGen      total 258048K, used 258026K [0x00000000d5580000, 0x00000000e7880000, 0x0000000100000000)
  eden space 235008K, 100% used [0x00000000d5580000,0x00000000e3b00000,0x00000000e3b00000)
  from space 23040K, 99% used [0x00000000e5700000,0x00000000e6d7aaf0,0x00000000e6d80000)
  to   space 28672K, 0% used [0x00000000e3b00000,0x00000000e3b00000,0x00000000e5700000)
 ParOldGen       total 91136K, used 44350K [0x0000000080000000, 0x0000000085900000, 0x00000000d5580000)
  object space 91136K, 48% used [0x0000000080000000,0x0000000082b4fbc0,0x0000000085900000)
 Metaspace       used 81449K, capacity 85244K, committed 85528K, reserved 1124352K
  class space    used 10756K, capacity 11486K, committed 11544K, reserved 1048576K
Event: 127.318 GC heap after
Heap after GC invocations=18 (full 3):
 PSYoungGen      total 263680K, used 9615K [0x00000000d5580000, 0x00000000e9600000, 0x0000000100000000)
  eden space 235008K, 0% used [0x00000000d5580000,0x00000000d5580000,0x00000000e3b00000)
  from space 28672K, 33% used [0x00000000e3b00000,0x00000000e4463f80,0x00000000e5700000)
  to   space 27648K, 0% used [0x00000000e7b00000,0x00000000e7b00000,0x00000000e9600000)
 ParOldGen       total 91136K, used 64620K [0x0000000080000000, 0x0000000085900000, 0x00000000d5580000)
  object space 91136K, 70% used [0x0000000080000000,0x0000000083f1b000,0x0000000085900000)
 Metaspace       used 81449K, capacity 85244K, committed 85528K, reserved 1124352K
  class space    used 10756K, capacity 11486K, committed 11544K, reserved 1048576K
}

